<?xml version="1.0" encoding="UTF-8"?>
<!-- Generated by org.testng.reporters.JUnitReportReporter -->
<testsuite hostname="LAPTOP-0IQSMD7E" failures="0" tests="1" name="com.ninja.qa.TestPages.TestSearchPage" time="40.110" errors="0" timestamp="2023-10-12T07:56:20 IST" skipped="0">
  <testcase classname="com.ninja.qa.TestPages.TestSearchPage" name="searchProduct" time="40.110"/>
  <system-out/>
</testsuite> <!-- com.ninja.qa.TestPages.TestSearchPage -->
