<?xml version="1.0" encoding="UTF-8"?>
<!-- Generated by org.testng.reporters.JUnitReportReporter -->
<testsuite hostname="LAPTOP-0IQSMD7E" failures="0" tests="4" name="com.ninja.qa.TestPages.HomePageTest" time="67.320" errors="0" timestamp="2023-10-12T07:53:20 IST" skipped="0">
  <testcase classname="com.ninja.qa.TestPages.HomePageTest" name="testTitle" time="15.261"/>
  <system-out/>
  <testcase classname="com.ninja.qa.TestPages.HomePageTest" name="testRegisterLink" time="17.601"/>
  <system-out/>
  <testcase classname="com.ninja.qa.TestPages.HomePageTest" name="testLoginLink" time="14.543"/>
  <system-out/>
  <testcase classname="com.ninja.qa.TestPages.HomePageTest" name="testMacLink" time="19.915"/>
  <system-out/>
</testsuite> <!-- com.ninja.qa.TestPages.HomePageTest -->
